Using launch settings from /app/TodoApp/TodoApp/Properties/launchSettings.json...
Building...
/app/TodoApp/TodoApp/Components/Layout/NavMenu.razor(46,21): warning CS0169: The field 'NavMenu.currentUrl' is never used [/app/TodoApp/TodoApp/TodoApp.csproj]
/app/TodoApp/TodoApp/Components/Pages/Login.razor(50,28): warning BL0008: Property 'TodoApp.Components.Pages.Login.Input' has [SupplyParameterFromForm] and a property initializer. This can be overwritten with null during form posts. [/app/TodoApp/TodoApp/TodoApp.csproj]
/app/TodoApp/TodoApp/Components/Pages/Register.razor(57,31): warning BL0008: Property 'TodoApp.Components.Pages.Register.Input' has [SupplyParameterFromForm] and a property initializer. This can be overwritten with null during form posts. [/app/TodoApp/TodoApp/TodoApp.csproj]
/app/TodoApp/TodoApp/Components/Pages/TaskPages/Add.razor(79,21): warning BL0008: Property 'TodoApp.Components.Pages.TaskPages.Add.CurrentTask' has [SupplyParameterFromForm] and a property initializer. This can be overwritten with null during form posts. [/app/TodoApp/TodoApp/TodoApp.csproj]
info: Microsoft.Hosting.Lifetime[14]
      Now listening on: http://localhost:5000
info: Microsoft.Hosting.Lifetime[0]
      Application started. Press Ctrl+C to shut down.
info: Microsoft.Hosting.Lifetime[0]
      Hosting environment: Development
info: Microsoft.Hosting.Lifetime[0]
      Content root path: /app/TodoApp/TodoApp
warn: Microsoft.AspNetCore.HttpsPolicy.HttpsRedirectionMiddleware[3]
      Failed to determine the https port for redirect.
info: Microsoft.EntityFrameworkCore.Database.Command[20101]
      Executed DbCommand (16ms) [Parameters=[@normalizedUserName='?' (Size = 27)], CommandType='Text', CommandTimeout='30']
      SELECT "a"."Id", "a"."AccessFailedCount", "a"."ConcurrencyStamp", "a"."CreatedAt", "a"."Email", "a"."EmailConfirmed", "a"."LockoutEnabled", "a"."LockoutEnd", "a"."NormalizedEmail", "a"."NormalizedUserName", "a"."PasswordHash", "a"."PhoneNumber", "a"."PhoneNumberConfirmed", "a"."SecurityStamp", "a"."TwoFactorEnabled", "a"."UserName"
      FROM "AspNetUsers" AS "a"
      WHERE "a"."NormalizedUserName" = @normalizedUserName
      LIMIT 1
info: Microsoft.EntityFrameworkCore.Database.Command[20101]
      Executed DbCommand (7ms) [Parameters=[@p0='?' (Size = 36), @p1='?' (DbType = Int32), @p2='?' (Size = 36), @p3='?' (DbType = DateTime), @p4='?' (Size = 27), @p5='?' (DbType = Boolean), @p6='?' (DbType = Boolean), @p7='?' (DbType = DateTimeOffset), @p8='?' (Size = 27), @p9='?' (Size = 27), @p10='?' (Size = 84), @p11='?', @p12='?' (DbType = Boolean), @p13='?' (Size = 32), @p14='?' (DbType = Boolean), @p15='?' (Size = 27)], CommandType='Text', CommandTimeout='30']
      INSERT INTO "AspNetUsers" ("Id", "AccessFailedCount", "ConcurrencyStamp", "CreatedAt", "Email", "EmailConfirmed", "LockoutEnabled", "LockoutEnd", "NormalizedEmail", "NormalizedUserName", "PasswordHash", "PhoneNumber", "PhoneNumberConfirmed", "SecurityStamp", "TwoFactorEnabled", "UserName")
      VALUES (@p0, @p1, @p2, @p3, @p4, @p5, @p6, @p7, @p8, @p9, @p10, @p11, @p12, @p13, @p14, @p15);
info: Microsoft.EntityFrameworkCore.Database.Command[20101]
      Executed DbCommand (0ms) [Parameters=[@user_Id='?' (Size = 36)], CommandType='Text', CommandTimeout='30']
      SELECT "a"."Id", "a"."ClaimType", "a"."ClaimValue", "a"."UserId"
      FROM "AspNetUserClaims" AS "a"
      WHERE "a"."UserId" = @user_Id
info: Microsoft.EntityFrameworkCore.Database.Command[20101]
      Executed DbCommand (0ms) [Parameters=[@userId='?' (Size = 36)], CommandType='Text', CommandTimeout='30']
      SELECT "t"."Id", "t"."Category", "t"."CompletedAt", "t"."CreatedAt", "t"."Description", "t"."DueDate", "t"."IsCompleted", "t"."Priority", "t"."Title", "t"."UserId"
      FROM "Tasks" AS "t"
      WHERE "t"."UserId" = @userId
      ORDER BY "t"."IsCompleted", COALESCE("t"."DueDate", '9999-12-31 23:59:59.9999999'), "t"."Priority" DESC
